2024/03/10 17:39:44 [INFO] Create Mr M's grave at -694x68x674
2024/03/10 17:44:01 [INFO] Create Mr M's grave at -698x50x685
2024/03/10 17:44:08 [INFO] Create MrS4g0's grave at -701x49x686
2024/03/10 17:44:37 [INFO] Create MrS4g0's grave at -700x50x684
2024/03/10 18:28:50 [INFO] Create MrM's grave at -795x30x668
2024/03/10 18:29:32 [INFO] Create MrM's grave at -796x27x671
2024/03/10 18:42:04 [INFO] Create MrM's grave at -720x40x663
2024/03/10 18:42:11 [INFO] Create MrS4g0's grave at -697x30x633
2024/03/10 20:00:58 [INFO] Create MrM's grave at -710x10x717
2024/03/10 20:03:50 [INFO] Create MrM's grave at -718x10x711
2024/03/10 20:04:32 [INFO] Create MrS4g0's grave at -704x13x708
2024/03/10 20:06:12 [INFO] Can not create MrM's grave at -720x5x713
2024/03/10 20:23:49 [INFO] Create MrS4g0's grave at -716x10x688
2024/03/10 20:26:20 [INFO] Create MrS4g0's grave at -717x10x690
2024/03/10 20:26:32 [INFO] Create MrS4g0's grave at -716x10x688
2024/03/10 20:27:44 [INFO] Create MrS4g0's grave at -709x10x698
2024/03/10 20:28:39 [INFO] Create MrS4g0's grave at -712x10x697
2024/03/10 20:40:08 [INFO] Create MrS4g0's grave at -694x50x686
2024/03/10 20:51:23 [INFO] Create MrS4g0's grave at -697x50x692
2024/03/10 20:58:08 [INFO] Create MrM's grave at -767x10x706
2024/03/10 20:58:28 [INFO] Create MrM's grave at -766x10x706
2024/03/10 21:06:06 [INFO] Create MrM's grave at -765x10x715
2024/03/10 21:30:30 [INFO] Create MrM's grave at -318x60x-227
2024/03/10 21:48:09 [INFO] Create MrM's grave at -963x67x541
2024/03/10 21:48:21 [INFO] Create MrS4g0's grave at -949x63x546
2024/03/10 21:48:43 [INFO] Create MrM's grave at -963x67x540
2024/03/10 21:49:29 [INFO] Create MrM's grave at 8x82x4
